00620 121.4446 25.0423 1.8781
00630 121.4441 25.0433 1.9182
00640 121.4442 25.0430 1.9582
00650 121.4438 25.0437 1.9983
00660 121.4437 25.0439 2.0383
00670 121.4435 25.0442 2.0784
00680 121.4433 25.0446 2.1184
00690 121.4431 25.0449 2.1585
00700 121.4430 25.0451 2.1985
00710 121.4420 25.0468 2.2386
00720 121.4421 25.0465 2.2786
00730 121.4423 25.0462 2.3187
00740 121.4425 25.0459 2.3587
00750 121.4427 25.0456 2.3987
00760 121.4413 25.0479 2.4388
00770 121.4415 25.0476 2.4788
00780 121.4417 25.0473 2.5189
00790 121.4419 25.0470 2.5589
00800 121.4408 25.0487 2.5990
00810 121.4410 25.0484 2.6390
00820 121.4407 25.0488 2.6791
00830 121.4406 25.0491 2.7191
00840 121.4400 25.0501 2.7592
00850 121.4402 25.0498 2.7992
00860 121.4399 25.0503 2.8392
00870 121.4396 25.0508 2.8793
00880 121.4393 25.0512 2.9193
00890 121.4392 25.0515 2.9594
00900 121.4390 25.0518 2.9994
00910 121.4389 25.0519 3.0395
00920 121.4386 25.0525 3.0795
00930 121.4388 25.0521 3.1196
00940 121.4385 25.0527 3.1596
00950 121.4383 25.0530 3.1997
00960 121.4379 25.0536 3.2397
00970 121.4379 25.0536 3.2797
00980 121.4376 25.0542 3.3198
00990 121.4377 25.0539 3.3598
01000 121.4379 25.0536 3.3999
01010 121.4373 25.0547 3.4399
01020 121.4371 25.0550 3.4800
01030 121.4366 25.0559 3.5200
01040 121.4367 25.0556 3.5601
01050 121.4369 25.0553 3.6001
01060 121.4363 25.0564 3.6402
01070 121.4357 25.0574 3.6802
01080 121.4359 25.0571 3.7203
01090 121.4360 25.0568 3.7603
01100 121.4355 25.0576 3.8003
01110 121.4354 25.0578 3.8404
01120 121.4352 25.0582 3.8804
01130 121.4349 25.0587 3.9205
01140 121.4347 25.0590 3.9605
01150 121.4344 25.0595 4.0006
01160 121.4346 25.0592 4.0406
01170 121.4343 25.0597 4.0807
01180 121.4339 25.0603 4.1207
01190 121.4338 25.0605 4.1608
01200 121.4337 25.0607 4.2008
01210 121.4334 25.0611 4.2408
01220 121.4332 25.0615 4.2809
01230 121.4330 25.0616 4.3209
01240 121.4326 25.0618 4.3610
01250 121.4322 25.0620 4.4010
01260 121.4315 25.0623 4.4411
01270 121.4319 25.0622 4.4811
01280 121.4312 25.0625 4.5200
01290 121.4309 25.0627 4.5599
01300 121.4305 25.0629 4.5998
01310 121.4300 25.0632 4.6398
01320 121.4298 25.0632 4.6797
01330 121.4297 25.0632 4.7197
01340 121.4286 25.0637 4.7596
01350 121.4290 25.0636 4.7995
01360 121.4278 25.0641 4.8395
01370 121.4282 25.0639 4.8794
01380 121.4275 25.0642 4.9194
01390 121.4273 25.0642 4.9593
01400 121.4266 25.0642 4.9992
01410 121.4270 25.0642 5.0392
01420 121.4261 25.0641 5.0791
01430 121.4251 25.0640 5.1190
01440 121.4255 25.0641 5.1590
01450 121.4248 25.0639 5.1989
01460 121.4229 25.0637 5.2389
01470 121.4233 25.0637 5.2788
01480 121.4237 25.0638 5.3187
01490 121.4241 25.0638 5.3587
01500 121.4244 25.0639 5.3986
01510 121.4225 25.0636 5.4385
01520 121.4221 25.0635 5.4785
01530 121.4217 25.0635 5.5184
01540 121.4215 25.0635 5.5584
01550 121.4212 25.0637 5.5983
01560 121.4206 25.0642 5.6382
01570 121.4209 25.0640 5.6782
01580 121.4203 25.0645 5.7181
01590 121.4200 25.0648 5.7581
01600 121.4198 25.0649 5.7980
01610 121.4194 25.0651 5.8380
01620 121.4189 25.0651 5.8780
01630 121.4186 25.0651 5.9181
01640 121.4181 25.0652 5.9581
01650 121.4177 25.0653 5.9981
01660 121.4174 25.0656 6.0381
01670 121.4171 25.0658 6.0781
01680 121.4167 25.0661 6.1182
01690 121.4163 25.0663 6.1582
01700 121.4160 25.0665 6.1982
01710 121.4158 25.0666 6.2382
01720 121.4156 25.0667 6.2782
01730 121.4152 25.0669 6.3183
01740 121.4149 25.0671 6.3583
01750 121.4147 25.0672 6.3983
01760 121.4145 25.0673 6.4383
01770 121.4140 25.0677 6.4783
01780 121.4138 25.0680 6.5184
01790 121.4131 25.0684 6.5584
01790 121.4131 25.0684 6.5584
01800 121.4128 25.0687 6.5984
01800 121.4128 25.0687 6.5984
01810 121.4127 25.0687 6.6384
01810 121.4127 25.0687 6.6384
01820 121.4125 25.0689 6.6784
01830 121.4120 25.0693 6.7185
01840 121.4118 25.0695 6.7585
01850 121.4114 25.0699 6.7985
01860 121.4112 25.0701 6.8385
01870 121.4109 25.0703 6.8785
01880 121.4106 25.0705 6.9185
01890 121.4102 25.0708 6.9586
01900 121.4101 25.0708 6.9986
01910 121.4098 25.0711 7.0386
01920 121.4093 25.0715 7.0786
01930 121.4090 25.0718 7.1186
01940 121.4090 25.0718 7.1587
01950 121.4087 25.0720 7.1987
01960 121.4082 25.0722 7.2387
