00620 100.0 20.0 111
00630 100.0 20.0 111
00640 100.0 20.0 111
00650 100.0 20.0 111
00660 100.0 20.0 111
00670 100.0 20.0 111
00680 100.0 20.0 111
00690 100.0 20.0 111
00700 100.0 20.0 111
00710 100.0 20.0 111
00720 100.0 20.0 111
00730 100.0 20.0 111
00740 100.0 20.0 111
00750 100.0 20.0 111
00760 100.0 20.0 111
00770 100.0 20.0 111
00780 100.0 20.0 111
00790 100.0 20.0 111
00800 100.0 20.0 111
00810 100.0 20.0 111
00820 100.0 20.0 111
00830 100.0 20.0 111
00840 100.0 20.0 111
00850 100.0 20.0 111
00860 100.0 20.0 111
00870 100.0 20.0 111
00880 100.0 20.0 111
00890 100.0 20.0 111
00900 100.0 20.0 111
00910 100.0 20.0 111
00920 100.0 20.0 111
00930 100.0 20.0 111
00940 100.0 20.0 111
00950 100.0 20.0 111
00960 100.0 20.0 111
00970 100.0 20.0 111
00980 100.0 20.0 111
00990 100.0 20.0 111
01000 100.0 20.0 111
01010 100.0 20.0 111
01020 100.0 20.0 111
01030 100.0 20.0 111
01040 100.0 20.0 111
01050 100.0 20.0 111
01060 100.0 20.0 111
01070 100.0 20.0 111
01080 100.0 20.0 111
01090 100.0 20.0 111
01100 100.0 20.0 111
01110 100.0 20.0 111
01120 100.0 20.0 111
01130 100.0 20.0 111
01140 100.0 20.0 111
01150 100.0 20.0 111
01160 100.0 20.0 111
01170 100.0 20.0 111
01180 100.0 20.0 111
01190 100.0 20.0 111
01200 100.0 20.0 111
01210 100.0 20.0 111
01220 100.0 20.0 111
01230 100.0 20.0 111
01240 100.0 20.0 111
01250 100.0 20.0 111
01260 100.0 20.0 111
01270 100.0 20.0 111
01280 100.0 20.0 111
01290 100.0 20.0 111
01300 100.0 20.0 111
01310 100.0 20.0 111
01320 100.0 20.0 111
01330 100.0 20.0 111
01340 100.0 20.0 111
01350 100.0 20.0 111
01360 100.0 20.0 111
01370 100.0 20.0 111
01380 100.0 20.0 111
01390 100.0 20.0 111
01400 100.0 20.0 111
01410 100.0 20.0 111
01420 100.0 20.0 111
01430 100.0 20.0 111
01440 100.0 20.0 111
01450 100.0 20.0 111
01460 100.0 20.0 111
01470 100.0 20.0 111
01480 100.0 20.0 111
01490 100.0 20.0 111
01500 100.0 20.0 111
01510 100.0 20.0 111
01520 100.0 20.0 111
01530 100.0 20.0 111
01540 100.0 20.0 111
01550 100.0 20.0 111
01560 100.0 20.0 111
01570 100.0 20.0 111
01580 100.0 20.0 111
01590 100.0 20.0 111
01600 100.0 20.0 111
01610 100.0 20.0 111
01620 100.0 20.0 111
01630 100.0 20.0 111
01640 100.0 20.0 111
01650 100.0 20.0 111
01660 100.0 20.0 111
01670 100.0 20.0 111
01680 100.0 20.0 111
01690 100.0 20.0 111
01700 100.0 20.0 111
01710 100.0 20.0 111
01720 100.0 20.0 111
01730 100.0 20.0 111
01740 100.0 20.0 111
01750 100.0 20.0 111
01760 100.0 20.0 111
01770 100.0 20.0 111
01780 100.0 20.0 111
01790 100.0 20.0 111
01800 100.0 20.0 111
01810 100.0 20.0 111
01820 100.0 20.0 111
01830 100.0 20.0 111
01840 100.0 20.0 111
01850 100.0 20.0 111
01860 100.0 20.0 111
01870 100.0 20.0 111
01880 100.0 20.0 111
01890 100.0 20.0 111
01900 100.0 20.0 111
01910 100.0 20.0 111
01920 100.0 20.0 111
01930 100.0 20.0 111
01940 100.0 20.0 111
01950 100.0 20.0 111
01960 100.0 20.0 111
