name long lat distance elevation_m idx
00620 121.444600 25.042300 1.878100 11.930463 0
00630 121.444100 25.043300 1.918200 6.899789 1
00640 121.444200 25.043000 1.958200 7.159171 2
00650 121.443800 25.043700 1.998300 8.622763 3
00660 121.443700 25.043900 2.038300 7.096528 4
00670 121.443500 25.044200 2.078400 7.299025 5
00680 121.443300 25.044600 2.118400 10.256689 6
00690 121.443100 25.044900 2.158500 13.454074 7
00700 121.443000 25.045100 2.198500 9.767006 8
00710 121.442000 25.046800 2.238600 3.534099 9
00720 121.442100 25.046500 2.278600 2.900278 10
00730 121.442300 25.046200 2.318700 4.296515 11
00740 121.442500 25.045900 2.358700 6.113088 12
00750 121.442700 25.045600 2.398700 5.094997 13
00760 121.441300 25.047900 2.438800 3.399743 14
00770 121.441500 25.047600 2.478800 2.209672 15
00780 121.441700 25.047300 2.518900 1.700430 16
00790 121.441900 25.047000 2.558900 2.791101 17
00800 121.440800 25.048700 2.599000 3.664203 18
00810 121.441000 25.048400 2.639000 4.313397 19
00820 121.440700 25.048800 2.679100 3.277587 20
00830 121.440600 25.049100 2.719100 2.113378 21
00840 121.440000 25.050100 2.759200 3.598528 22
00850 121.440200 25.049800 2.799200 5.126615 23
00860 121.439900 25.050300 2.839200 2.529470 24
00870 121.439600 25.050800 2.879300 3.426773 25
00880 121.439300 25.051200 2.919300 4.297853 26
00890 121.439200 25.051500 2.959400 4.317123 27
00900 121.439000 25.051800 2.999400 2.298340 28
00910 121.438900 25.051900 3.039500 2.073161 29
00920 121.438600 25.052500 3.079500 3.018432 30
00930 121.438800 25.052100 3.119600 2.262247 31
00940 121.438500 25.052700 3.159600 2.373377 32
00950 121.438300 25.053000 3.199700 3.679730 33
00960 121.437900 25.053600 3.239700 5.112072 34
00970 121.437900 25.053600 3.279700 5.112072 35
00980 121.437600 25.054200 3.319800 5.319394 36
00990 121.437700 25.053900 3.359800 5.348199 37
01000 121.437900 25.053600 3.399900 5.112072 38
01010 121.437300 25.054700 3.439900 4.012075 39
01020 121.437100 25.055000 3.480000 3.371008 40
01030 121.436600 25.055900 3.520000 2.268231 41
01040 121.436700 25.055600 3.560100 0.857905 42
01050 121.436900 25.055300 3.600100 2.905204 43
01060 121.436300 25.056400 3.640200 4.120800 44
01070 121.435700 25.057400 3.680200 2.496517 45
01080 121.435900 25.057100 3.720300 1.921981 46
01090 121.436000 25.056800 3.760300 2.155798 47
01100 121.435500 25.057600 3.800300 3.045190 48
01110 121.435400 25.057800 3.840400 2.986109 49
01120 121.435200 25.058200 3.880400 3.296560 50
01130 121.434900 25.058700 3.920500 9.481577 51
01140 121.434700 25.059000 3.960500 8.443952 52
01150 121.434400 25.059500 4.000600 10.178946 53
01160 121.434600 25.059200 4.040600 8.803698 54
01170 121.434300 25.059700 4.080700 10.608068 55
01180 121.433900 25.060300 4.120700 9.927978 56
01190 121.433800 25.060500 4.160800 10.193740 57
01200 121.433700 25.060700 4.200800 10.635464 58
01210 121.433400 25.061100 4.240800 11.164302 59
01220 121.433200 25.061500 4.280900 12.296610 60
01230 121.433000 25.061600 4.320900 12.770898 61
01240 121.432600 25.061800 4.361000 17.490532 62
01250 121.432200 25.062000 4.401000 19.791483 63
01260 121.431500 25.062300 4.441100 18.518848 64
01270 121.431900 25.062200 4.481100 17.894904 65
01280 121.431200 25.062500 4.520000 19.255552 66
01290 121.430900 25.062700 4.559900 21.140490 67
01300 121.430500 25.062900 4.599800 20.877376 68
01310 121.430000 25.063200 4.639800 20.895104 69
01320 121.429800 25.063200 4.679700 20.626591 70
01330 121.429700 25.063200 4.719700 20.678894 71
01340 121.428600 25.063700 4.759600 26.409829 72
01350 121.429000 25.063600 4.799500 24.135606 73
01360 121.427800 25.064100 4.839500 24.713997 74
01370 121.428200 25.063900 4.879400 29.167450 75
01380 121.427500 25.064200 4.919400 26.580864 76
01390 121.427300 25.064200 4.959300 26.602747 77
01400 121.426600 25.064200 4.999200 25.938432 78
01410 121.427000 25.064200 5.039200 26.522371 79
01420 121.426100 25.064100 5.079100 27.104233 80
01430 121.425100 25.064000 5.119000 27.919879 81
01440 121.425500 25.064100 5.159000 20.198264 82
01450 121.424800 25.063900 5.198900 35.682617 83
01460 121.422900 25.063700 5.238900 31.448188 84
01470 121.423300 25.063700 5.278800 33.411888 85
01480 121.423700 25.063800 5.318700 27.439183 86
01490 121.424100 25.063800 5.358700 26.015944 87
01500 121.424400 25.063900 5.398600 24.195923 88
01510 121.422500 25.063600 5.438500 32.053760 89
01520 121.422100 25.063500 5.478500 34.153116 90
01530 121.421700 25.063500 5.518400 37.642284 91
01540 121.421500 25.063500 5.558400 36.260672 92
01550 121.421200 25.063700 5.598300 25.950687 93
01560 121.420600 25.064200 5.638200 27.924497 94
01570 121.420900 25.064000 5.678200 24.577032 95
01580 121.420300 25.064500 5.718100 30.357200 96
01590 121.420000 25.064800 5.758100 34.094528 97
01600 121.419800 25.064900 5.798000 34.804585 98
01610 121.419400 25.065100 5.838000 39.002238 99
01620 121.418900 25.065100 5.878000 37.915211 100
01630 121.418600 25.065100 5.918100 39.351551 101
01640 121.418100 25.065200 5.958100 41.621100 102
01650 121.417700 25.065300 5.998100 53.181032 103
01660 121.417400 25.065600 6.038100 71.567447 104
01670 121.417100 25.065800 6.078100 69.276168 105
01680 121.416700 25.066100 6.118200 62.805194 106
01690 121.416300 25.066300 6.158200 60.714544 107
01700 121.416000 25.066500 6.198200 55.735424 108
01710 121.415800 25.066600 6.238200 58.913519 109
01720 121.415600 25.066700 6.278200 60.177493 110
01730 121.415200 25.066900 6.318300 68.095113 111
01740 121.414900 25.067100 6.358300 71.556109 112
01750 121.414700 25.067200 6.398300 77.778898 113
01760 121.414500 25.067300 6.438300 81.746703 114
01770 121.414000 25.067700 6.478300 70.291215 115
01780 121.413800 25.068000 6.518400 65.296903 116
01790 121.413100 25.068400 6.558400 71.645673 117
01790 121.413100 25.068400 6.558400 71.645673 118
01800 121.412800 25.068700 6.598400 81.349745 119
01800 121.412800 25.068700 6.598400 81.349745 120
01810 121.412700 25.068700 6.638400 84.417176 121
01810 121.412700 25.068700 6.638400 84.417176 122
01820 121.412500 25.068900 6.678400 82.587136 123
01830 121.412000 25.069300 6.718500 85.291246 124
01840 121.411800 25.069500 6.758500 92.505020 125
01850 121.411400 25.069900 6.798500 94.297192 126
01860 121.411200 25.070100 6.838500 95.199193 127
01870 121.410900 25.070300 6.878500 97.996272 128
01880 121.410600 25.070500 6.918500 104.389997 129
01890 121.410200 25.070800 6.958600 109.580421 130
01900 121.410100 25.070800 6.998600 114.549115 131
01910 121.409800 25.071100 7.038600 110.390255 132
01920 121.409300 25.071500 7.078600 115.251345 133
01930 121.409000 25.071800 7.118600 117.485184 134
01940 121.409000 25.071800 7.158700 117.485184 135
01950 121.408700 25.072000 7.198700 124.956893 136
01960 121.408200 25.072200 7.238700 125.604071 137
